00_Android_App/app/build/intermediates/manifest_merge_blame_file/debug/manifest-merger-blame-debug-report.txt
1<?xml version="1.0" encoding="utf-8"?>
2<!--
3    ~ Copyright 2022 The TensorFlow Authors. All Rights Reserved.
4    ~
5    ~ Licensed under the Apache License, Version 2.0 (the "License");
6    ~ you may not use this file except in compliance with the License.
7    ~ You may obtain a copy of the License at
8    ~
9    ~       http://www.apache.org/licenses/LICENSE-2.0
10    ~
11    ~ Unless required by applicable law or agreed to in writing, software
12    ~ distributed under the License is distributed on an "AS IS" BASIS,
13    ~ WITHOUT WARRANTIES OR CONDITIONS OF ANY KIND, either express or implied.
14    ~ See the License for the specific language governing permissions and
15    ~ limitations under the License.
16-->
17<manifest xmlns:android="http://schemas.android.com/apk/res/android"
18    xmlns:dist="http://schemas.android.com/apk/distribution"
19    package="com.hka.objectdetection"
20    android:versionCode="1"
21    android:versionName="1.0.0" >
22
23    <uses-sdk
24        android:minSdkVersion="24"
24-->src\main\AndroidManifest.xml
25        android:targetSdkVersion="32" />
25-->src\main\AndroidManifest.xml
26
27    <!-- Enable instant app support -->
28    <dist:module dist:instant="true" />
28-->src\main\AndroidManifest.xml:23:5-40
28-->src\main\AndroidManifest.xml:23:18-37
29
30    <!-- Declare features -->
31    <uses-feature android:name="android.hardware.camera" />
31-->src\main\AndroidManifest.xml:26:5-60
31-->src\main\AndroidManifest.xml:26:19-57
32
33    <!-- Declare permissions -->
34    <uses-permission android:name="android.permission.CAMERA" />
34-->src\main\AndroidManifest.xml:29:5-65
34-->src\main\AndroidManifest.xml:29:22-62
35    <uses-permission android:name="android.permission.INTERNET" />
35-->src\main\AndroidManifest.xml:30:5-67
35-->src\main\AndroidManifest.xml:30:22-64
36    <uses-permission android:name="android.permission.ACCESS_NETWORK_STATE" />
36-->src\main\AndroidManifest.xml:31:5-79
36-->src\main\AndroidManifest.xml:31:22-76
37    <uses-permission android:name="android.permission.WAKE_LOCK" />
37-->src\main\AndroidManifest.xml:32:5-68
37-->src\main\AndroidManifest.xml:32:22-65
38
39    <application
39-->src\main\AndroidManifest.xml:35:5-66:19
40        android:allowBackup="true"
40-->src\main\AndroidManifest.xml:36:9-35
41        android:appComponentFactory="androidx.core.app.CoreComponentFactory"
41-->[androidx.core:core:1.8.0] AndroidManifest.xml:24:18-86
42        android:debuggable="true"
43        android:extractNativeLibs="false"
44        android:icon="@mipmap/logo"
44-->src\main\AndroidManifest.xml:37:9-36
45        android:label="@string/app_name"
45-->src\main\AndroidManifest.xml:38:9-41
46        android:roundIcon="@mipmap/logo_round"
46-->src\main\AndroidManifest.xml:39:9-47
47        android:taskAffinity=""
47-->src\main\AndroidManifest.xml:40:9-32
48        android:testOnly="true" >
49        <activity
49-->src\main\AndroidManifest.xml:43:9-64:20
50            android:name="com.hka.objectdetection.MainActivity"
50-->src\main\AndroidManifest.xml:44:13-41
51            android:clearTaskOnLaunch="true"
51-->src\main\AndroidManifest.xml:45:13-45
52            android:exported="true"
52-->src\main\AndroidManifest.xml:46:13-36
53            android:icon="@mipmap/logo"
53-->src\main\AndroidManifest.xml:47:13-40
54            android:resizeableActivity="true"
54-->src\main\AndroidManifest.xml:48:13-46
55            android:rotationAnimation="seamless"
55-->src\main\AndroidManifest.xml:49:13-49
56            android:theme="@style/AppTheme" >
56-->src\main\AndroidManifest.xml:50:13-44
57
58            <!-- Main app intent filter -->
59            <intent-filter>
59-->src\main\AndroidManifest.xml:54:13-57:29
60                <action android:name="android.intent.action.MAIN" />
60-->src\main\AndroidManifest.xml:55:17-69
60-->src\main\AndroidManifest.xml:55:25-66
61
62                <category android:name="android.intent.category.LAUNCHER" />
62-->src\main\AndroidManifest.xml:56:17-77
62-->src\main\AndroidManifest.xml:56:27-74
63            </intent-filter>
64
65            <!-- Declare notch support -->
66            <meta-data
66-->src\main\AndroidManifest.xml:60:13-62:40
67                android:name="android.notch_support"
67-->src\main\AndroidManifest.xml:61:17-53
68                android:value="true" />
68-->src\main\AndroidManifest.xml:62:17-37
69        </activity>
70
71        <service
71-->[androidx.camera:camera-camera2:1.1.0] AndroidManifest.xml:26:9-35:19
72            android:name="androidx.camera.core.impl.MetadataHolderService"
72-->[androidx.camera:camera-camera2:1.1.0] AndroidManifest.xml:27:13-75
73            android:enabled="false"
73-->[androidx.camera:camera-camera2:1.1.0] AndroidManifest.xml:28:13-36
74            android:exported="false" >
74-->[androidx.camera:camera-camera2:1.1.0] AndroidManifest.xml:29:13-37
75            <meta-data
75-->[androidx.camera:camera-camera2:1.1.0] AndroidManifest.xml:32:13-34:89
76                android:name="androidx.camera.core.impl.MetadataHolderService.DEFAULT_CONFIG_PROVIDER"
76-->[androidx.camera:camera-camera2:1.1.0] AndroidManifest.xml:33:17-103
77                android:value="androidx.camera.camera2.Camera2Config$DefaultProvider" />
77-->[androidx.camera:camera-camera2:1.1.0] AndroidManifest.xml:34:17-86
78        </service>
79
80        <uses-library
80-->[androidx.window:window:1.0.0-alpha09] AndroidManifest.xml:25:9-27:40
81            android:name="androidx.window.extensions"
81-->[androidx.window:window:1.0.0-alpha09] AndroidManifest.xml:26:13-54
82            android:required="false" />
82-->[androidx.window:window:1.0.0-alpha09] AndroidManifest.xml:27:13-37
83        <uses-library
83-->[androidx.window:window:1.0.0-alpha09] AndroidManifest.xml:28:9-30:40
84            android:name="androidx.window.sidecar"
84-->[androidx.window:window:1.0.0-alpha09] AndroidManifest.xml:29:13-51
85            android:required="false" />
85-->[androidx.window:window:1.0.0-alpha09] AndroidManifest.xml:30:13-37
86
87        <provider
87-->[androidx.lifecycle:lifecycle-process:2.4.0] AndroidManifest.xml:26:9-34:20
88            android:name="androidx.startup.InitializationProvider"
88-->[androidx.lifecycle:lifecycle-process:2.4.0] AndroidManifest.xml:27:13-67
89            android:authorities="com.hka.objectdetection.androidx-startup"
89-->[androidx.lifecycle:lifecycle-process:2.4.0] AndroidManifest.xml:28:13-68
90            android:exported="false" >
90-->[androidx.lifecycle:lifecycle-process:2.4.0] AndroidManifest.xml:29:13-37
91            <meta-data
91-->[androidx.lifecycle:lifecycle-process:2.4.0] AndroidManifest.xml:31:13-33:52
92                android:name="androidx.lifecycle.ProcessLifecycleInitializer"
92-->[androidx.lifecycle:lifecycle-process:2.4.0] AndroidManifest.xml:32:17-78
93                android:value="androidx.startup" />
93-->[androidx.lifecycle:lifecycle-process:2.4.0] AndroidManifest.xml:33:17-49
94        </provider>
95
96        <service
96-->[com.google.android.datatransport:transport-backend-cct:3.1.0] AndroidManifest.xml:29:9-35:19
97            android:name="com.google.android.datatransport.runtime.backends.TransportBackendDiscovery"
97-->[com.google.android.datatransport:transport-backend-cct:3.1.0] AndroidManifest.xml:30:13-103
98            android:exported="false" >
98-->[com.google.android.datatransport:transport-backend-cct:3.1.0] AndroidManifest.xml:31:13-37
99            <meta-data
99-->[com.google.android.datatransport:transport-backend-cct:3.1.0] AndroidManifest.xml:32:13-34:39
100                android:name="backend:com.google.android.datatransport.cct.CctBackendFactory"
100-->[com.google.android.datatransport:transport-backend-cct:3.1.0] AndroidManifest.xml:33:17-94
101                android:value="cct" />
101-->[com.google.android.datatransport:transport-backend-cct:3.1.0] AndroidManifest.xml:34:17-36
102        </service>
103        <service
103-->[com.google.android.datatransport:transport-runtime:3.1.0] AndroidManifest.xml:26:9-30:19
104            android:name="com.google.android.datatransport.runtime.scheduling.jobscheduling.JobInfoSchedulerService"
104-->[com.google.android.datatransport:transport-runtime:3.1.0] AndroidManifest.xml:27:13-117
105            android:exported="false"
105-->[com.google.android.datatransport:transport-runtime:3.1.0] AndroidManifest.xml:28:13-37
106            android:permission="android.permission.BIND_JOB_SERVICE" >
106-->[com.google.android.datatransport:transport-runtime:3.1.0] AndroidManifest.xml:29:13-69
107        </service>
108
109        <receiver
109-->[com.google.android.datatransport:transport-runtime:3.1.0] AndroidManifest.xml:32:9-34:40
110            android:name="com.google.android.datatransport.runtime.scheduling.jobscheduling.AlarmManagerSchedulerBroadcastReceiver"
110-->[com.google.android.datatransport:transport-runtime:3.1.0] AndroidManifest.xml:33:13-132
111            android:exported="false" />
111-->[com.google.android.datatransport:transport-runtime:3.1.0] AndroidManifest.xml:34:13-37
112    </application>
113
114</manifest>